app/proguard-rules.pro
# Add project specific ProGuard rules here.
# You can control the set of applied configuration files using the
# proguardFiles setting in build.gradle.
#
# For more details, see
#   http://developer.android.com/guide/developing/tools/proguard.html

# If your project uses WebView with JS, uncomment the following
# and specify the fully qualified class name to the JavaScript interface
# class:
#-keepclassmembers class fqcn.of.javascript.interface.for.webview {
#   public *;
#}

# Uncomment this to preserve the line number information for
# debugging stack traces.
#-keepattributes SourceFile,LineNumberTable

# If you keep the line number information, uncomment this to
# hide the original source file name.
#-renamesourcefileattribute SourceFile

-keep class com.monitoryourexpenses.expenses.** { *; }
-keep class com.squareup.okhttp.** { *; }
-keep interface com.squareup.okhttp.** { *; }

-dontwarn com.squareup.okhttp.**
-dontwarn okio.**

-keepattributes Signature
-keepattributes *Annotation*
-keep class okhttp3.** { *; }
-keep interface okhttp3.** { *; }

-dontwarn okhttp3.**

-keep,allowobfuscation @interface retrofit2.http.*

-printusage /home/etegani/Documents/ExpenseMonitorApp/app/usage.txt
-printseeds /home/etegani/Documents/ExpenseMonitorApp/app/seeds.txt