app/seeds.txt
com.monitoryourexpenses.expenses.network.DurationExpenseResponse: java.lang.String amount
com.monitoryourexpenses.expenses.network.DurationExpenseResponse: java.lang.String getDate()
com.monitoryourexpenses.expenses.network.UserData: java.lang.String getUserName()
com.monitoryourexpenses.expenses.network.ExpenseData: java.lang.String component1()
com.monitoryourexpenses.expenses.utilites.Converter$Companion
com.monitoryourexpenses.expenses.network.DurationExpenseResponse: java.lang.String component5()
com.monitoryourexpenses.expenses.network.ExpenseResponseMsg: java.lang.String toString()
com.monitoryourexpenses.expenses.myexpenses.MyExpenseFragmentViewModel
com.monitoryourexpenses.expenses.network.ExpenseData: com.monitoryourexpenses.expenses.network.ExpenseData copy$default(com.monitoryourexpenses.expenses.network.ExpenseData,java.lang.String,java.lang.String,java.lang.String,java.lang.String,java.lang.String,int,java.lang.Object)
com.monitoryourexpenses.expenses.database.ExpenseMonitorDataBase
com.monitoryourexpenses.expenses.myexpenses.MyExpenseFragment
com.monitoryourexpenses.expenses.adapters.DurationsExpenseAdapter$ViewHolder
com.monitoryourexpenses.expenses.network.DurationTag
com.monitoryourexpenses.expenses.network.DurationExpenseResponse: void setExpenseCategory(java.lang.String)
com.monitoryourexpenses.expenses.network.DeleteAndUpdateResponse: java.lang.String toString()
com.monitoryourexpenses.expenses.database.UserExpenses: UserExpenses(int,java.math.BigDecimal,java.math.BigDecimal,java.math.BigDecimal,java.lang.String,int,kotlin.jvm.internal.DefaultConstructorMarker)
com.monitoryourexpenses.expenses.network.DurationExpenseResponse: DurationExpenseResponse(java.lang.String,java.lang.String,java.lang.String,java.lang.String,java.lang.String,java.lang.String)
com.monitoryourexpenses.expenses.network.DurationExpenseResponse: java.lang.String component2()
com.monitoryourexpenses.expenses.network.DurationExpenseResponse: void setDate(java.lang.String)
com.monitoryourexpenses.expenses.createnewexpense.CreateNewExpenseFragmentViewModel
com.monitoryourexpenses.expenses.settings.SettingsFragment
com.monitoryourexpenses.expenses.network.DurationTag: DurationTag(java.lang.String,java.lang.String,java.lang.String,java.lang.String)
com.monitoryourexpenses.expenses.network.RegisterationResponse: java.lang.String toString()
com.monitoryourexpenses.expenses.network.DurationExpenseResponse: com.monitoryourexpenses.expenses.network.DurationExpenseResponse copy(java.lang.String,java.lang.String,java.lang.String,java.lang.String,java.lang.String,java.lang.String)
com.monitoryourexpenses.expenses.utilites.Converter$Companion: Converter$Companion(kotlin.jvm.internal.DefaultConstructorMarker)
com.monitoryourexpenses.expenses.network.DurationExpenseResponse: void writeToParcel(android.os.Parcel,int)
com.monitoryourexpenses.expenses.network.DurationTag: java.lang.String component2()
com.monitoryourexpenses.expenses.network.UserData: java.lang.String userName
com.monitoryourexpenses.expenses.network.RegisterationService
com.monitoryourexpenses.expenses.updateanddeleteexpense.UpdateAndDeleteExpenseFragment
com.monitoryourexpenses.expenses.network.ExpenseData: java.lang.String getCategory()
com.monitoryourexpenses.expenses.network.DurationTag: java.lang.String getDuration()
com.monitoryourexpenses.expenses.utilites.PrefManager$Companion: PrefManager$Companion(kotlin.jvm.internal.DefaultConstructorMarker)
com.monitoryourexpenses.expenses.network.DurationTag: com.monitoryourexpenses.expenses.network.DurationTag copy(java.lang.String,java.lang.String,java.lang.String,java.lang.String)
com.monitoryourexpenses.expenses.network.DurationExpenseResponse: java.lang.String component3()
com.monitoryourexpenses.expenses.utilites.ProgressStatus: com.monitoryourexpenses.expenses.utilites.ProgressStatus[] values()
com.monitoryourexpenses.expenses.network.UserData: java.lang.String emailAddress
...
androidx.appcompat.widget.ActionBarContextView: void setCustomView(android.view.View)
com.google.android.material.R$styleable: int CollapsingToolbarLayout_toolbarId
androidx.preference.R$styleable: int Toolbar_navigationIcon
com.google.android.material.R$id: int save_overlay_view
androidx.recyclerview.R$attr: int spanCount
androidx.appcompat.R$id: int accessibility_custom_action_8
androidx.appcompat.R$styleable: int AppCompatTextView_drawableTint
com.google.android.material.R$styleable: int BottomNavigationView_itemRippleColor
com.google.android.material.textfield.TextInputLayout: void setHintTextColor(android.content.res.ColorStateList)
com.google.android.material.R$attr: int floatingActionButtonStyle
androidx.preference.R$attr: int contentInsetStart
androidx.appcompat.widget.ActionBarOverlayLayout: void setIcon(int)
androidx.appcompat.R$attr: int icon
androidx.preference.R$styleable: int StateListDrawable_android_visible
com.google.android.material.R$styleable: int[] RecycleListView
com.google.android.material.R$id: int src_atop
androidx.appcompat.R$style: int RtlOverlay_Widget_AppCompat_PopupMenuItem_Title
androidx.preference.R$id: int spinner
androidx.preference.R$drawable: int abc_vector_test
kotlinx.coroutines.scheduling.CoroutineScheduler$Companion: CoroutineScheduler$Companion(kotlin.jvm.internal.DefaultConstructorMarker)
androidx.appcompat.R$style: int Base_TextAppearance_AppCompat_Medium
androidx.appcompat.R$style: int ThemeOverlay_AppCompat_DayNight
com.google.android.material.R$attr: int haloRadius
androidx.preference.R$drawable: int abc_textfield_activated_mtrl_alpha
androidx.recyclerview.R$styleable: int FontFamilyFont_fontStyle
com.google.android.material.R$attr: int badgeStyle
com.google.android.material.R$attr: int dividerPadding
androidx.appcompat.R$styleable: int AppCompatTheme_actionBarItemBackground
androidx.coordinatorlayout.R$style: int TextAppearance_Compat_Notification_Title
com.google.android.material.chip.Chip: void setTextAppearance(int)
com.google.android.material.floatingactionbutton.FloatingActionButton: void setHideMotionSpec(com.google.android.material.animation.MotionSpec)
androidx.appcompat.R$styleable: int MenuItem_android_onClick
com.google.android.material.R$color: int design_fab_shadow_start_color
kotlin.reflect.jvm.internal.impl.storage.LockBasedStorageManager$NotValue: kotlin.reflect.jvm.internal.impl.storage.LockBasedStorageManager$NotValue[] values()
androidx.viewpager2.widget.ViewPager2: ViewPager2(android.content.Context,android.util.AttributeSet,int,int)
com.google.android.material.R$style: int Widget_MaterialComponents_TextInputLayout_OutlinedBox_ExposedDropdownMenu
androidx.constraintlayout.widget.R$styleable: int[] LinearConstraintLayout
androidx.appcompat.R$style: int Widget_AppCompat_RatingBar
androidx.appcompat.R$color: int abc_search_url_text_normal
androidx.appcompat.R$dimen: int abc_action_bar_content_inset_material
com.google.android.material.R$style: int Base_Widget_AppCompat_ProgressBar_Horizontal
androidx.appcompat.R$style: int Widget_AppCompat_TextView
com.google.android.material.R$dimen: int abc_disabled_alpha_material_dark
com.google.android.material.R$styleable: int ActionMenuItemView_android_minWidth
androidx.appcompat.R$style: int Base_Widget_AppCompat_PopupMenu_Overflow
androidx.recyclerview.widget.RecyclerView: int TOUCH_SLOP_PAGING
androidx.appcompat.R$style: int TextAppearance_AppCompat_Widget_ActionBar_Title
androidx.preference.MultiSelectListPreference$SavedState: android.os.Parcelable$Creator CREATOR
com.google.android.material.R$id: int info
com.google.android.material.R$style: int TextAppearance_Design_Suffix
androidx.appcompat.R$attr: int actionModePasteDrawable
com.google.android.material.R$dimen: int abc_text_size_headline_material
com.google.android.material.R$dimen: int abc_config_prefDialogWidth
androidx.lifecycle.Lifecycle$Event: androidx.lifecycle.Lifecycle$Event ON_CREATE