app/usage.txt
com.monitoryourexpenses.expenses.R$styleable
com.monitoryourexpenses.expenses.loginuser.LoginUserFragmentDirections
com.monitoryourexpenses.expenses.updateanddeleteexpense.UpdateAndDeleteExpenseFragmentDirections
com.monitoryourexpenses.expenses.adapters.ExpenseListener
    public final kotlin.jvm.functions.Function1 getOnClickListener()
com.monitoryourexpenses.expenses.R$anim
com.monitoryourexpenses.expenses.databinding.UpdateAndDeleteExpenseFragmentBindingImpl
    public boolean setVariable(int,java.lang.Object)
com.monitoryourexpenses.expenses.updateanddeleteexpense.UpdateAndDeleteExpenseFragment
    public static final synthetic void access$setBinding$p(com.monitoryourexpenses.expenses.updateanddeleteexpense.UpdateAndDeleteExpenseFragment,com.monitoryourexpenses.expenses.databinding.UpdateAndDeleteExpenseFragmentBinding)
    public android.view.View _$_findCachedViewById(int)
com.monitoryourexpenses.expenses.utilites.Converter
    public void <init>()
    public static final java.math.BigDecimal toBigDecimal(java.lang.String)
com.monitoryourexpenses.expenses.databinding.UpdateAndDeleteExpenseFragmentBinding
    public static com.monitoryourexpenses.expenses.databinding.UpdateAndDeleteExpenseFragmentBinding inflate(android.view.LayoutInflater,android.view.ViewGroup,boolean)
    public static com.monitoryourexpenses.expenses.databinding.UpdateAndDeleteExpenseFragmentBinding inflate(android.view.LayoutInflater,android.view.ViewGroup,boolean,java.lang.Object)
    public static com.monitoryourexpenses.expenses.databinding.UpdateAndDeleteExpenseFragmentBinding inflate(android.view.LayoutInflater)
    public static com.monitoryourexpenses.expenses.databinding.UpdateAndDeleteExpenseFragmentBinding inflate(android.view.LayoutInflater,java.lang.Object)
    public static com.monitoryourexpenses.expenses.databinding.UpdateAndDeleteExpenseFragmentBinding bind(android.view.View)
    public static com.monitoryourexpenses.expenses.databinding.UpdateAndDeleteExpenseFragmentBinding bind(android.view.View,java.lang.Object)
    public com.monitoryourexpenses.expenses.updateanddeleteexpense.UpdateAndDeleteFragmentViewModel getViewModel()
com.monitoryourexpenses.expenses.monthexpense.MonthExpenseFragment
    public android.view.View _$_findCachedViewById(int)
com.monitoryourexpenses.expenses.databinding.MyExpenseFragmentBindingImpl
    public boolean setVariable(int,java.lang.Object)
com.monitoryourexpenses.expenses.registeruser.RegisterationUserFragmentDirections$Companion
com.monitoryourexpenses.expenses.adapters.PagerAdapterKt
com.monitoryourexpenses.expenses.R$xml
com.monitoryourexpenses.expenses.settings.SettingsFragmentDirections
    private void <init>()
com.monitoryourexpenses.expenses.DataBinderMapperImpl
    public int getLayoutId(java.lang.String)
    public java.lang.String convertBrIdToString(int)
    private static final int LAYOUT_ACTIVITYMAIN
    private static final int LAYOUT_CREATENEWEXPENSEFRAGMENT
    private static final int LAYOUT_EXPENSEVIEWITEM
    private static final int LAYOUT_LOGINUSERFRAGMENT
    private static final int LAYOUT_MONTHEXPENSEFRAGMENT
    private static final int LAYOUT_MYEXPENSEFRAGMENT
    private static final int LAYOUT_REGISTERATIONUSERFRAGMENT
    private static final int LAYOUT_TODAYEXPENSEFRAGMENT
    private static final int LAYOUT_UPDATEANDDELETEEXPENSEFRAGMENT
    private static final int LAYOUT_WEEKEXPENSEFRAGMENT
com.monitoryourexpenses.expenses.DataBinderMapperImpl$InnerBrLookup
com.monitoryourexpenses.expenses.registeruser.RegisterationUserFragmentDirections
com.monitoryourexpenses.expenses.loginuser.LoginUserViewModel
    public final android.app.Application getApplication()
    public final void setApplication(android.app.Application)
com.monitoryourexpenses.expenses.createnewexpense.CreateNewExpenseFragmentDirections$Companion
com.monitoryourexpenses.expenses.BR
...
kotlinx.coroutines.SelectJoinOnCompletion
androidx.core.content.FileProvider$SimplePathStrategy
kotlin.collections.MapAccessorsKt
androidx.navigation.fragment.R$layout
okhttp3.internal.io.FileSystem
com.google.android.gms.common.internal.constants.ListAppsActivityContract
kotlin.collections.ArraysKt___ArraysKt$asSequence$$inlined$Sequence$3
com.google.android.material.floatingactionbutton.ExtendedFloatingActionButton$ExtendedFloatingActionButtonBehavior
    public void setAutoHideEnabled(boolean)
    public boolean isAutoHideEnabled()
    public void setAutoShrinkEnabled(boolean)
    public boolean isAutoShrinkEnabled()
    void setInternalAutoHideCallback(com.google.android.material.floatingactionbutton.ExtendedFloatingActionButton$OnChangedCallback)
    void setInternalAutoShrinkCallback(com.google.android.material.floatingactionbutton.ExtendedFloatingActionButton$OnChangedCallback)
    private static final boolean AUTO_HIDE_DEFAULT
    private static final boolean AUTO_SHRINK_DEFAULT
androidx.core.app.AppOpsManagerCompat
    private void <init>()
    public static int noteOp(android.content.Context,java.lang.String,int,java.lang.String)
    public static int noteOpNoThrow(android.content.Context,java.lang.String,int,java.lang.String)
    public static int noteProxyOp(android.content.Context,java.lang.String,java.lang.String)
    public static final int MODE_ALLOWED
    public static final int MODE_IGNORED
    public static final int MODE_ERRORED
    public static final int MODE_DEFAULT
com.google.android.gms.auth.api.credentials.HintRequest$Builder
com.google.android.play.core.internal.ak
androidx.core.app.Person$Builder
androidx.core.util.SparseBooleanArrayKt$keyIterator$1
com.google.android.gms.auth.zzb
kotlinx.coroutines.intrinsics.CancellableKt
    public static final void startCoroutineCancellable(kotlin.jvm.functions.Function1,kotlin.coroutines.Continuation)
    private static final void runSafely(kotlin.coroutines.Continuation,kotlin.jvm.functions.Function0)
androidx.core.os.ParcelableCompat$ParcelableCompatCreatorHoneycombMR2
androidx.navigation.ActivityNavigator$Destination
    public void <init>(androidx.navigation.NavigatorProvider)
    public final androidx.navigation.ActivityNavigator$Destination setIntent(android.content.Intent)
    public final android.content.ComponentName getComponent()
    public final java.lang.String getAction()
    public final android.net.Uri getData()
com.google.android.gms.common.api.internal.ListenerHolder$ListenerKey
    void <init>(java.lang.Object,java.lang.String)
androidx.core.text.util.FindAddress$ZipRange
kotlin.sequences.SequencesKt__SequencesKt$Sequence$1
kotlin.sequences.SequencesKt___SequencesKt$minus$1
androidx.media.MediaBrowserServiceCompatApi26
com.google.android.gms.common.images.zaa
android.support.v4.media.session.MediaSessionCompatApi22
com.bumptech.glide.manager.RequestManagerFragment$FragmentRequestManagerTreeNode
com.google.android.gms.auth.api.signin.GoogleSignInResult
    public boolean isSuccess()
kotlinx.coroutines.flow.FlowKt__ZipKt$combineTransform$$inlined$combineTransform$3$2
androidx.transition.Explode
androidx.transition.Visibility
    public void <init>(android.content.Context,android.util.AttributeSet)
    public int getMode()
    public boolean isVisible(androidx.transition.TransitionValues)
    static final java.lang.String PROPNAME_VISIBILITY
    private static final java.lang.String PROPNAME_PARENT
    private static final java.lang.String PROPNAME_SCREEN_LOCATION
    public static final int MODE_IN
    public static final int MODE_OUT
kotlin.UninitializedPropertyAccessException
    public void <init>(java.lang.String,java.lang.Throwable)
    public void <init>(java.lang.Throwable)
kotlinx.coroutines.flow.FlowKt__MigrationKt$combine$$inlined$unsafeFlow$1$lambda$1
kotlin.sequences.SequencesKt___SequencesKt$sortedWith$1
com.google.android.gms.internal.auth.zzy